{"numFailedTestSuites":0,"numFailedTests":0,"numPassedTestSuites":4,"numPassedTests":8,"numPendingTestSuites":0,"numPendingTests":0,"numRuntimeErrorTestSuites":0,"numTotalTestSuites":4,"numTotalTests":8,"openHandles":[],"snapshot":{"added":4,"didUpdate":false,"failure":false,"filesAdded":4,"filesRemoved":0,"filesUnmatched":0,"filesUpdated":0,"matched":0,"total":4,"unchecked":0,"uncheckedKeysByFile":[],"unmatched":0,"updated":0},"startTime":1548050545403,"success":true,"testResults":[{"assertionResults":[{"ancestorTitles":["ButtonGroup"],"failureMessages":[],"fullName":"ButtonGroup should render correctly","location":null,"status":"passed","title":"should render correctly"},{"ancestorTitles":["ButtonGroup"],"failureMessages":[],"fullName":"ButtonGroup should mount correctly","location":null,"status":"passed","title":"should mount correctly"}],"endTime":1548050546448,"message":"","name":"/Users/sygeman/projects/twitchru-client/ui/Button/__tests__/ButtonGroup.test.tsx","startTime":1548050546094,"status":"passed","summary":""},{"assertionResults":[{"ancestorTitles":["ButtonFlat"],"failureMessages":[],"fullName":"ButtonFlat should render correctly","location":null,"status":"passed","title":"should render correctly"},{"ancestorTitles":["ButtonFlat"],"failureMessages":[],"fullName":"ButtonFlat should mount correctly","location":null,"status":"passed","title":"should mount correctly"}],"endTime":1548050546537,"message":"","name":"/Users/sygeman/projects/twitchru-client/ui/Button/__tests__/ButtonFlat.test.tsx","startTime":1548050546494,"status":"passed","summary":""},{"assertionResults":[{"ancestorTitles":["Button"],"failureMessages":[],"fullName":"Button should render correctly","location":null,"status":"passed","title":"should render correctly"},{"ancestorTitles":["Button"],"failureMessages":[],"fullName":"Button should mount correctly","location":null,"status":"passed","title":"should mount correctly"}],"endTime":1548050546653,"message":"","name":"/Users/sygeman/projects/twitchru-client/ui/Button/__tests__/Button.test.tsx","startTime":1548050546598,"status":"passed","summary":""},{"assertionResults":[{"ancestorTitles":["ButtonCommon"],"failureMessages":[],"fullName":"ButtonCommon should render correctly","location":null,"status":"passed","title":"should render correctly"},{"ancestorTitles":["ButtonCommon"],"failureMessages":[],"fullName":"ButtonCommon should mount correctly","location":null,"status":"passed","title":"should mount correctly"}],"endTime":1548050546739,"message":"","name":"/Users/sygeman/projects/twitchru-client/ui/Button/__tests__/ButtonCommon.test.tsx","startTime":1548050546698,"status":"passed","summary":""}],"wasInterrupted":false,"coverageMap":{"/Users/sygeman/projects/twitchru-client/jest.setup.js":{"path":"/Users/sygeman/projects/twitchru-client/jest.setup.js","statementMap":{"0":{"start":{"line":1,"column":15},"end":{"line":1,"column":32}},"1":{"start":{"line":2,"column":16},"end":{"line":2,"column":50}},"2":{"start":{"line":4,"column":0},"end":{"line":6,"column":2}}},"fnMap":{},"branchMap":{},"s":{"0":4,"1":4,"2":4},"f":{},"b":{},"_coverageSchema":"332fd63041d2c1bcb487cc26dd0d5f7d97098a6c","hash":"ee5298a684de88b7cd94444a376ded86c4384d60"},"/Users/sygeman/projects/twitchru-client/ui/Button/index.tsx":{"path":"/Users/sygeman/projects/twitchru-client/ui/Button/index.tsx","statementMap":{},"fnMap":{},"branchMap":{},"s":{},"f":{},"b":{},"_coverageSchema":"332fd63041d2c1bcb487cc26dd0d5f7d97098a6c","hash":"cc40d8d20ac5b61cddbfa6bee5b7c33d19592c70"},"/Users/sygeman/projects/twitchru-client/ui/Button/Button.tsx":{"path":"/Users/sygeman/projects/twitchru-client/ui/Button/Button.tsx","statementMap":{"0":{"start":{"line":9,"column":22},"end":{"line":20,"column":1}},"1":{"start":{"line":10,"column":35},"end":{"line":10,"column":44}},"2":{"start":{"line":11,"column":30},"end":{"line":11,"column":56}},"3":{"start":{"line":14,"column":37},"end":{"line":14,"column":63}},"4":{"start":{"line":18,"column":37},"end":{"line":18,"column":62}},"5":{"start":{"line":22,"column":0},"end":{"line":24,"column":2}}},"fnMap":{"0":{"name":"(anonymous_0)","decl":{"start":{"line":10,"column":16},"end":{"line":10,"column":17}},"loc":{"start":{"line":10,"column":35},"end":{"line":10,"column":44}},"line":10},"1":{"name":"(anonymous_1)","decl":{"start":{"line":11,"column":11},"end":{"line":11,"column":12}},"loc":{"start":{"line":11,"column":30},"end":{"line":11,"column":56}},"line":11},"2":{"name":"(anonymous_2)","decl":{"start":{"line":14,"column":18},"end":{"line":14,"column":19}},"loc":{"start":{"line":14,"column":37},"end":{"line":14,"column":63}},"line":14},"3":{"name":"(anonymous_3)","decl":{"start":{"line":18,"column":18},"end":{"line":18,"column":19}},"loc":{"start":{"line":18,"column":37},"end":{"line":18,"column":62}},"line":18}},"branchMap":{},"s":{"0":2,"1":16,"2":16,"3":16,"4":16,"5":2},"f":{"0":16,"1":16,"2":16,"3":16},"b":{},"_coverageSchema":"332fd63041d2c1bcb487cc26dd0d5f7d97098a6c","hash":"781d6ffefb095473dd8cd94f313282bc1c2eb686"},"/Users/sygeman/projects/twitchru-client/ui/Button/ButtonCommon.tsx":{"path":"/Users/sygeman/projects/twitchru-client/ui/Button/ButtonCommon.tsx","statementMap":{"0":{"start":{"line":3,"column":28},"end":{"line":24,"column":1}}},"fnMap":{},"branchMap":{},"s":{"0":4},"f":{},"b":{},"_coverageSchema":"332fd63041d2c1bcb487cc26dd0d5f7d97098a6c","hash":"a4ffd417942bf428157c73b16c86481c0bf9afbc"},"/Users/sygeman/projects/twitchru-client/ui/Button/ButtonFlat.tsx":{"path":"/Users/sygeman/projects/twitchru-client/ui/Button/ButtonFlat.tsx","statementMap":{"0":{"start":{"line":5,"column":26},"end":{"line":17,"column":1}},"1":{"start":{"line":6,"column":26},"end":{"line":6,"column":44}},"2":{"start":{"line":10,"column":6},"end":{"line":10,"column":62}},"3":{"start":{"line":15,"column":6},"end":{"line":15,"column":62}}},"fnMap":{"0":{"name":"(anonymous_0)","decl":{"start":{"line":6,"column":11},"end":{"line":6,"column":12}},"loc":{"start":{"line":6,"column":26},"end":{"line":6,"column":44}},"line":6},"1":{"name":"(anonymous_1)","decl":{"start":{"line":9,"column":13},"end":{"line":9,"column":14}},"loc":{"start":{"line":10,"column":6},"end":{"line":10,"column":62}},"line":10},"2":{"name":"(anonymous_2)","decl":{"start":{"line":14,"column":13},"end":{"line":14,"column":14}},"loc":{"start":{"line":15,"column":6},"end":{"line":15,"column":62}},"line":15}},"branchMap":{"0":{"loc":{"start":{"line":10,"column":6},"end":{"line":10,"column":62}},"type":"binary-expr","locations":[{"start":{"line":10,"column":6},"end":{"line":10,"column":24}},{"start":{"line":10,"column":28},"end":{"line":10,"column":62}}],"line":10},"1":{"loc":{"start":{"line":15,"column":6},"end":{"line":15,"column":62}},"type":"binary-expr","locations":[{"start":{"line":15,"column":6},"end":{"line":15,"column":24}},{"start":{"line":15,"column":28},"end":{"line":15,"column":62}}],"line":15}},"s":{"0":3,"1":4,"2":4,"3":4},"f":{"0":4,"1":4,"2":4},"b":{"0":[4,0],"1":[4,0]},"_coverageSchema":"332fd63041d2c1bcb487cc26dd0d5f7d97098a6c","hash":"43dc803220a092fe8c2ef409abec1457c220ce0e"},"/Users/sygeman/projects/twitchru-client/ui/Button/ButtonGroup.tsx":{"path":"/Users/sygeman/projects/twitchru-client/ui/Button/ButtonGroup.tsx","statementMap":{"0":{"start":{"line":4,"column":27},"end":{"line":13,"column":1}}},"fnMap":{},"branchMap":{},"s":{"0":2},"f":{},"b":{},"_coverageSchema":"332fd63041d2c1bcb487cc26dd0d5f7d97098a6c","hash":"172e99e63ae26431a33423dad4302d44b86cfd17"}}}